2026.01.24 04:57:06 WARN  Using H2 2.4.240 which is newer than the version Flyway has been verified with. The latest verified version of H2 is 2.3.232.[0m
2026.01.24 04:57:06 INFO  Attempting to connect to the build server...[0m
2026.01.24 04:57:06 INFO  Running BSP server List(/home/patrick/.local/share/coursier/bin/.scala-cli.aux, bsp, --json-options, /home/patrick/IdeaProjects/lego/toy/.scala-build/ide-options-v2.json, --json-launcher-options, /home/patrick/IdeaProjects/lego/toy/.scala-build/ide-launcher-options.json, --envs-file, /home/patrick/IdeaProjects/lego/toy/.scala-build/ide-envs.json, /home/patrick/IdeaProjects/lego/toy)[0m
2026.01.24 04:57:06 INFO  tracing is disabled for protocol BSP, to enable tracing of incoming and outgoing JSON messages create an empty file at /home/patrick/IdeaProjects/lego/toy/.metals/bsp.trace.json or /home/patrick/.cache/metals/bsp.trace.json[0m
2026.01.24 04:57:06 INFO  time: Connected to build server in 0.46s[0m
2026.01.24 04:57:07 INFO  Connected to Build server: scala-cli v1.6.1[0m
2026.01.24 04:57:06 INFO  compiling toy_a2f0c65cd7 (1 scala source)[0m
2026.01.24 04:57:06 INFO  time: compiled toy_a2f0c65cd7 in 0.19s[0m
2026.01.24 04:57:07 INFO  compiling toy_a2f0c65cd7 (1 scala source)[0m
2026.01.24 04:57:08 WARN  Using H2 2.4.240 which is newer than the version Flyway has been verified with. The latest verified version of H2 is 2.3.232.[0m
2026.01.24 04:57:07 INFO  time: compiled toy_a2f0c65cd7 in 0.99s[0m
2026.01.24 04:57:08 INFO  time: indexed workspace in 1.85s[0m
2026.01.24 04:57:09 INFO  compiling toy_a2f0c65cd7 (1 scala source)[0m
2026.01.24 04:57:09 INFO  time: compiled toy_a2f0c65cd7 in 0.5s[0m
2026.01.24 04:58:30 INFO  Skipping reload with status 'Installed'[0m
2026.01.24 04:59:17 INFO  compiling toy_a2f0c65cd7 (1 scala source)[0m
2026.01.24 04:59:19 INFO  time: compiled toy_a2f0c65cd7 in 1.92s[0m
2026.01.25 03:52:19 INFO  Started: Metals version 1.6.5 in folders '/home/patrick/IdeaProjects/lego/toy' for client Visual Studio Code 1.108.1.[0m
2026.01.25 03:52:19 INFO  Memory monitor started[0m
2026.01.25 03:52:19 WARN  Using H2 2.4.240 which is newer than the version Flyway has been verified with. The latest verified version of H2 is 2.3.232.[0m
2026.01.25 03:52:19 INFO  Attempting to connect to the build server...[0m
2026.01.25 03:52:19 INFO  Running BSP server List(/home/patrick/.local/share/coursier/bin/.scala-cli.aux, bsp, --json-options, /home/patrick/IdeaProjects/lego/toy/.scala-build/ide-options-v2.json, --json-launcher-options, /home/patrick/IdeaProjects/lego/toy/.scala-build/ide-launcher-options.json, --envs-file, /home/patrick/IdeaProjects/lego/toy/.scala-build/ide-envs.json, /home/patrick/IdeaProjects/lego/toy)[0m
2026.01.25 03:52:19 INFO  tracing is disabled for protocol BSP, to enable tracing of incoming and outgoing JSON messages create an empty file at /home/patrick/IdeaProjects/lego/toy/.metals/bsp.trace.json or /home/patrick/.cache/metals/bsp.trace.json[0m
2026.01.25 03:52:19 INFO  time: Connected to build server in 0.57s[0m
2026.01.25 03:52:20 INFO  Connected to Build server: scala-cli v1.6.1[0m
Jan 25, 2026 3:52:20 AM org.eclipse.lsp4j.jsonrpc.services.GenericEndpoint notify
INFO: Unsupported notification method: $/setTrace
2026.01.25 03:52:19 WARN  Invalid text document uri received from build server: file:///home/patrick/IdeaProjects/lego/toy/generated/Rosetta/Arith.scala[0m
2026.01.25 03:52:19 INFO  BSP server: No class, trait or object is defined in the compilation unit.
The incremental compiler cannot record the dependency information in such case.
Some errors like unused import referring to a non-existent class might not be reported.
[0m
2026.01.25 03:52:22 WARN  Using H2 2.4.240 which is newer than the version Flyway has been verified with. The latest verified version of H2 is 2.3.232.[0m
2026.01.25 03:52:22 INFO  time: indexed workspace in 2.13s[0m
Jan 25, 2026 3:58:29 AM org.eclipse.lsp4j.jsonrpc.services.GenericEndpoint notify
INFO: Unsupported notification method: $/setTrace
2026.01.25 18:23:01 INFO  Started: Metals version 1.6.5 in folders '/home/patrick/IdeaProjects/lego/toy' for client Visual Studio Code 1.108.1.[0m
2026.01.25 18:23:01 INFO  Memory monitor started[0m
2026.01.25 18:23:01 WARN  Using H2 2.4.240 which is newer than the version Flyway has been verified with. The latest verified version of H2 is 2.3.232.[0m
2026.01.25 18:23:02 INFO  Attempting to connect to the build server...[0m
2026.01.25 18:23:02 INFO  Running BSP server List(/home/patrick/.local/share/coursier/bin/.scala-cli.aux, bsp, --json-options, /home/patrick/IdeaProjects/lego/toy/.scala-build/ide-options-v2.json, --json-launcher-options, /home/patrick/IdeaProjects/lego/toy/.scala-build/ide-launcher-options.json, --envs-file, /home/patrick/IdeaProjects/lego/toy/.scala-build/ide-envs.json, /home/patrick/IdeaProjects/lego/toy)[0m
2026.01.25 18:23:02 INFO  tracing is disabled for protocol BSP, to enable tracing of incoming and outgoing JSON messages create an empty file at /home/patrick/IdeaProjects/lego/toy/.metals/bsp.trace.json or /home/patrick/.cache/metals/bsp.trace.json[0m
2026.01.25 18:23:02 INFO  time: Connected to build server in 0.49s[0m
2026.01.25 18:23:02 INFO  Connected to Build server: scala-cli v1.6.1[0m
2026.01.25 18:23:02 WARN  Invalid text document uri received from build server: file:///home/patrick/IdeaProjects/lego/toy/generated/Rosetta/Arith.scala[0m
2026.01.25 18:23:02 INFO  BSP server: No class, trait or object is defined in the compilation unit.
The incremental compiler cannot record the dependency information in such case.
Some errors like unused import referring to a non-existent class might not be reported.
[0m
2026.01.25 18:23:04 WARN  Using H2 2.4.240 which is newer than the version Flyway has been verified with. The latest verified version of H2 is 2.3.232.[0m
2026.01.25 18:23:04 INFO  time: indexed workspace in 1.78s[0m
2026.01.25 18:31:41 INFO  compiling toy_a2f0c65cd7 (1 scala source)[0m
2026.01.25 18:31:43 WARN  Invalid text document uri received from build server: file:///home/patrick/IdeaProjects/lego/toy/generated/Rosetta/Arith.scala[0m
2026.01.25 18:31:43 INFO  time: compiled toy_a2f0c65cd7 in 1.81s[0m
2026.01.25 18:36:08 INFO  no build target found for /home/patrick/IdeaProjects/lego/toy/src/Runtime/Cubical/Scala/Test.scala. Using presentation compiler with project's scala-library version: 3.6.3[0m
2026.01.25 18:36:08 WARN  no build target for: /home/patrick/IdeaProjects/lego/toy/src/Runtime/Cubical/Scala/Test.scala[0m
2026.01.25 18:36:08 INFO  compiling toy_a2f0c65cd7 (1 scala source)[0m
2026.01.25 18:36:08 INFO  no build target found for /home/patrick/IdeaProjects/lego/toy/src/Runtime/Cubical/Scala/Test.scala. Using presentation compiler with project's scala-library version: 3.6.3[0m
2026.01.25 18:36:09 INFO  no build target found for /home/patrick/IdeaProjects/lego/toy/src/Runtime/Cubical/Scala/Test.scala. Using presentation compiler with project's scala-library version: 3.6.3[0m
2026.01.25 18:36:08 WARN  Invalid text document uri received from build server: file:///home/patrick/IdeaProjects/lego/toy/generated/Rosetta/Arith.scala[0m
2026.01.25 18:36:08 INFO  time: compiled toy_a2f0c65cd7 in 0.92s[0m
2026.01.25 18:36:09 WARN  no build target for: /home/patrick/IdeaProjects/lego/toy/src/Runtime/Cubical/Scala/Test.scala[0m
2026.01.25 18:36:09 INFO  time: Imported build in 0.99s[0m
2026.01.25 18:36:10 INFO  time: indexed workspace in 1.16s[0m
2026.01.25 20:28:01 INFO  time: Imported build in 0.24s[0m
2026.01.25 20:28:02 INFO  time: indexed workspace in 1.25s[0m
2026.01.25 20:28:02 WARN  no build target for: /home/patrick/IdeaProjects/lego/toy/src/Runtime/Scala/Runtime.scala[0m
2026.01.25 20:37:02 INFO  compiling toy_a2f0c65cd7 (1 scala source)[0m
2026.01.25 20:37:03 INFO  time: indexed workspace in 1.37s[0m
2026.01.25 20:37:03 WARN  Invalid text document uri received from build server: file:///home/patrick/IdeaProjects/lego/toy/generated/Rosetta/Arith.scala[0m
2026.01.25 20:37:03 INFO  time: compiled toy_a2f0c65cd7 in 1.5s[0m
2026.01.25 20:37:03 WARN  no build target for: /home/patrick/IdeaProjects/lego/toy/src/Runtime/Scala/Runtime.scala[0m
2026.01.25 20:37:03 INFO  compiling toy_a2f0c65cd7 (1 scala source)[0m
2026.01.25 20:37:03 INFO  time: compiled toy_a2f0c65cd7 in 0.62s[0m
2026.01.25 20:53:45 INFO  compiling toy_a2f0c65cd7 (1 scala source)[0m
2026.01.25 20:53:46 INFO  time: compiled toy_a2f0c65cd7 in 1.22s[0m
2026.01.26 07:11:11 INFO  Started: Metals version 1.6.5 in folders '/home/patrick/IdeaProjects/lego/toy' for client Visual Studio Code 1.108.1.[0m
2026.01.26 07:11:11 INFO  Memory monitor started[0m
2026.01.26 07:11:11 WARN  Using H2 2.4.240 which is newer than the version Flyway has been verified with. The latest verified version of H2 is 2.3.232.[0m
2026.01.26 07:11:12 INFO  Attempting to connect to the build server...[0m
2026.01.26 07:11:12 INFO  Running BSP server List(/home/patrick/.local/share/coursier/bin/.scala-cli.aux, bsp, --json-options, /home/patrick/IdeaProjects/lego/toy/.scala-build/ide-options-v2.json, --json-launcher-options, /home/patrick/IdeaProjects/lego/toy/.scala-build/ide-launcher-options.json, --envs-file, /home/patrick/IdeaProjects/lego/toy/.scala-build/ide-envs.json, /home/patrick/IdeaProjects/lego/toy)[0m
2026.01.26 07:11:12 INFO  tracing is disabled for protocol BSP, to enable tracing of incoming and outgoing JSON messages create an empty file at /home/patrick/IdeaProjects/lego/toy/.metals/bsp.trace.json or /home/patrick/.cache/metals/bsp.trace.json[0m
Jan 26, 2026 7:11:12 AM org.eclipse.lsp4j.jsonrpc.services.GenericEndpoint notify
INFO: Unsupported notification method: $/setTrace
2026.01.26 07:11:12 INFO  time: Connected to build server in 0.6s[0m
2026.01.26 07:11:13 INFO  Connected to Build server: scala-cli v1.6.1[0m
2026.01.26 07:11:13 INFO  compiling toy_a2f0c65cd7 (11 scala sources)[0m
2026.01.26 07:11:14 INFO  time: compiled toy_a2f0c65cd7 in 1.21s[0m
2026.01.26 07:11:14 INFO  compiling toy_a2f0c65cd7 (11 scala sources)[0m
2026.01.26 07:11:14 INFO  time: compiled toy_a2f0c65cd7 in 0.47s[0m
2026.01.26 07:11:15 WARN  Using H2 2.4.240 which is newer than the version Flyway has been verified with. The latest verified version of H2 is 2.3.232.[0m
2026.01.26 07:11:15 INFO  time: indexed workspace in 2.45s[0m
2026.01.26 07:11:15 INFO  compiling toy_a2f0c65cd7 (11 scala sources)[0m
2026.01.26 07:11:15 INFO  time: compiled toy_a2f0c65cd7 in 0.26s[0m
Jan 26, 2026 7:11:58 AM org.eclipse.lsp4j.jsonrpc.services.GenericEndpoint notify
INFO: Unsupported notification method: $/setTrace
2026.01.26 07:14:17 INFO  BSP server: Bloop 'bsp' command exited with code 1. Something may be wrong with the current configuration.[0m
2026.01.26 07:14:17 INFO  BSP server: Running the clean sub-command to clear the working directory and remove caches might help.[0m
2026.01.26 07:14:17 INFO  BSP server: If the error persists, please report the issue as a bug and attach a log with increased verbosity by passing -v -v -v.[0m
2026.01.26 07:14:49 INFO  Started: Metals version 1.6.5 in folders '/home/patrick/IdeaProjects/lego/toy' for client Visual Studio Code 1.108.1.[0m
2026.01.26 07:14:49 INFO  Memory monitor started[0m
2026.01.26 07:14:49 WARN  Using H2 2.4.240 which is newer than the version Flyway has been verified with. The latest verified version of H2 is 2.3.232.[0m
2026.01.26 07:14:49 INFO  Attempting to connect to the build server...[0m
2026.01.26 07:14:49 INFO  Running BSP server List(/home/patrick/.local/share/coursier/bin/.scala-cli.aux, bsp, --json-options, /home/patrick/IdeaProjects/lego/toy/.scala-build/ide-options-v2.json, --json-launcher-options, /home/patrick/IdeaProjects/lego/toy/.scala-build/ide-launcher-options.json, --envs-file, /home/patrick/IdeaProjects/lego/toy/.scala-build/ide-envs.json, /home/patrick/IdeaProjects/lego/toy)[0m
2026.01.26 07:14:49 INFO  tracing is disabled for protocol BSP, to enable tracing of incoming and outgoing JSON messages create an empty file at /home/patrick/IdeaProjects/lego/toy/.metals/bsp.trace.json or /home/patrick/.cache/metals/bsp.trace.json[0m
2026.01.26 07:14:50 INFO  BSP server: Starting compilation server[0m
2026.01.26 07:14:51 INFO  time: Connected to build server in 1.51s[0m
2026.01.26 07:14:51 INFO  Connected to Build server: scala-cli v1.6.1[0m
2026.01.26 07:14:51 INFO  compiling toy_a2f0c65cd7 (11 scala sources)[0m
2026.01.26 07:14:52 WARN  Using H2 2.4.240 which is newer than the version Flyway has been verified with. The latest verified version of H2 is 2.3.232.[0m
2026.01.26 07:14:52 INFO  time: indexed workspace in 1.52s[0m
2026.01.26 07:14:53 WARN  Invalid text document uri received from build server: file:///home/patrick/IdeaProjects/lego/toy/generated/Rosetta/Arith.scala[0m
2026.01.26 07:14:53 INFO  time: compiled toy_a2f0c65cd7 in 1.58s[0m
2026.01.26 07:14:53 INFO  compiling toy_a2f0c65cd7 (11 scala sources)[0m
2026.01.26 07:14:53 INFO  time: compiled toy_a2f0c65cd7 in 0.35s[0m
2026.01.26 07:14:53 INFO  compiling toy_a2f0c65cd7 (11 scala sources)[0m
2026.01.26 07:14:53 INFO  time: compiled toy_a2f0c65cd7 in 0.33s[0m
2026.01.26 07:55:54 INFO  compiling toy_a2f0c65cd7 (12 scala sources)[0m
2026.01.26 07:55:54 INFO  time: compiled toy_a2f0c65cd7 in 0.63s[0m
2026.01.26 07:55:55 INFO  time: Imported build in 0.71s[0m
2026.01.26 07:55:54 INFO  compiling toy_a2f0c65cd7 (12 scala sources)[0m
2026.01.26 07:55:54 INFO  time: compiled toy_a2f0c65cd7 in 0.25s[0m
2026.01.26 07:55:56 INFO  time: indexed workspace in 1.09s[0m
2026.01.26 07:55:56 INFO  compiling toy_a2f0c65cd7 (12 scala sources)[0m
2026.01.26 07:55:56 INFO  time: compiled toy_a2f0c65cd7 in 0.18s[0m
2026.01.26 07:56:10 INFO  compiling toy_a2f0c65cd7 (12 scala sources)[0m
2026.01.26 07:56:10 INFO  time: compiled toy_a2f0c65cd7 in 0.15s[0m
2026.01.26 07:57:00 INFO  compiling toy_a2f0c65cd7 (12 scala sources)[0m
2026.01.26 07:57:00 INFO  time: compiled toy_a2f0c65cd7 in 0.17s[0m
2026.01.26 07:58:09 INFO  compiling toy_a2f0c65cd7 (12 scala sources)[0m
2026.01.26 07:58:09 INFO  time: compiled toy_a2f0c65cd7 in 0.63s[0m
2026.01.26 08:07:30 INFO  compiling toy_a2f0c65cd7 (12 scala sources)[0m
2026.01.26 08:07:30 INFO  time: compiled toy_a2f0c65cd7 in 0.65s[0m
2026.01.26 08:10:13 INFO  compiling toy_a2f0c65cd7 (12 scala sources)[0m
2026.01.26 08:10:13 INFO  time: compiled toy_a2f0c65cd7 in 0.73s[0m
Jan 26, 2026 8:26:35 AM org.eclipse.lsp4j.jsonrpc.RemoteEndpoint handleCancellation
WARNING: Unmatched cancel notification for request id 4
2026.01.26 08:28:52 INFO  compiling toy_a2f0c65cd7 (1 scala source)[0m
2026.01.26 08:28:52 WARN  Invalid text document uri received from build server: file:///home/patrick/IdeaProjects/lego/toy/tmp/generated/Validation.scala[0m
2026.01.26 08:28:52 WARN  Invalid text document uri received from build server: file:///home/patrick/IdeaProjects/lego/toy/tmp/generated/Interp.scala[0m
2026.01.26 08:28:52 WARN  Invalid text document uri received from build server: file:///home/patrick/IdeaProjects/lego/toy/tmp/generated/Loader.scala[0m
2026.01.26 08:28:52 WARN  Invalid text document uri received from build server: file:///home/patrick/IdeaProjects/lego/toy/tmp/generated/Grammar.scala[0m
2026.01.26 08:28:52 WARN  Invalid text document uri received from build server: file:///home/patrick/IdeaProjects/lego/toy/tmp/generated/Algebra.scala[0m
2026.01.26 08:28:52 WARN  Invalid text document uri received from build server: file:///home/patrick/IdeaProjects/lego/toy/tmp/generated/AttrEval.scala[0m
2026.01.26 08:28:52 WARN  Invalid text document uri received from build server: file:///home/patrick/IdeaProjects/lego/toy/generated/Rosetta/simple-test.scala[0m
2026.01.26 08:28:52 WARN  Invalid text document uri received from build server: file:///home/patrick/IdeaProjects/lego/toy/tmp/generated/Runtime.scala[0m
2026.01.26 08:28:52 WARN  Invalid text document uri received from build server: file:///home/patrick/IdeaProjects/lego/toy/tmp/generated/Attr.scala[0m
2026.01.26 08:28:52 WARN  Invalid text document uri received from build server: file:///home/patrick/IdeaProjects/lego/toy/tmp/generated/Lego.scala[0m
2026.01.26 08:28:52 INFO  time: compiled toy_a2f0c65cd7 in 0.26s[0m
2026.01.26 08:28:52 INFO  time: Imported build in 0.3s[0m
2026.01.26 08:28:52 INFO  compiling toy_a2f0c65cd7 (1 scala source)[0m
2026.01.26 08:28:52 INFO  time: compiled toy_a2f0c65cd7 in 0.15s[0m
2026.01.26 08:28:54 INFO  time: indexed workspace in 1.12s[0m
2026.01.26 08:28:54 WARN  no build target for: /home/patrick/IdeaProjects/lego/toy/generated/Rosetta/simple-test.scala[0m
2026.01.26 09:29:44 INFO  compiling toy_a2f0c65cd7 (1 scala source)[0m
2026.01.26 09:29:44 INFO  time: compiled toy_a2f0c65cd7 in 0.38s[0m
2026.01.26 09:32:32 INFO  compiling toy_a2f0c65cd7 (12 scala sources)[0m
2026.01.26 09:32:32 INFO  time: compiled toy_a2f0c65cd7 in 0.51s[0m
2026.01.26 09:32:32 INFO  compiling toy_a2f0c65cd7 (12 scala sources)[0m
2026.01.26 09:32:32 INFO  time: compiled toy_a2f0c65cd7 in 0.25s[0m
2026.01.26 09:32:33 INFO  time: indexed workspace in 1.21s[0m
2026.01.26 09:32:33 INFO  compiling toy_a2f0c65cd7 (12 scala sources)[0m
2026.01.26 09:32:33 INFO  time: compiled toy_a2f0c65cd7 in 0.17s[0m
2026.01.26 09:37:33 INFO  compiling toy_a2f0c65cd7 (12 scala sources)[0m
2026.01.26 09:37:33 INFO  time: compiled toy_a2f0c65cd7 in 0.65s[0m
2026.01.26 09:37:51 INFO  compiling toy_a2f0c65cd7 (12 scala sources)[0m
2026.01.26 09:37:51 INFO  time: compiled toy_a2f0c65cd7 in 0.26s[0m
2026.01.26 09:37:51 INFO  compiling toy_a2f0c65cd7 (12 scala sources)[0m
2026.01.26 09:37:51 INFO  time: compiled toy_a2f0c65cd7 in 0.19s[0m
2026.01.26 10:33:07 INFO  compiling toy_a2f0c65cd7 (12 scala sources)[0m
2026.01.26 10:33:07 INFO  time: compiled toy_a2f0c65cd7 in 0.9s[0m
2026.01.26 10:37:16 INFO  compiling toy_a2f0c65cd7 (12 scala sources)[0m
2026.01.26 10:37:16 INFO  time: compiled toy_a2f0c65cd7 in 0.69s[0m
2026.01.26 10:39:51 INFO  compiling toy_a2f0c65cd7 (12 scala sources)[0m
2026.01.26 10:39:51 INFO  time: compiled toy_a2f0c65cd7 in 0.73s[0m
2026.01.26 10:40:59 INFO  compiling toy_a2f0c65cd7 (12 scala sources)[0m
2026.01.26 10:40:59 INFO  time: compiled toy_a2f0c65cd7 in 0.71s[0m
2026.01.26 10:43:12 INFO  compiling toy_a2f0c65cd7 (12 scala sources)[0m
2026.01.26 10:43:12 INFO  time: compiled toy_a2f0c65cd7 in 0.66s[0m
2026.01.26 10:44:48 INFO  compiling toy_a2f0c65cd7 (13 scala sources)[0m
2026.01.26 10:44:48 INFO  time: compiled toy_a2f0c65cd7 in 0.87s[0m
2026.01.26 10:44:48 INFO  compiling toy_a2f0c65cd7 (13 scala sources)[0m
2026.01.26 10:44:49 INFO  time: compiled toy_a2f0c65cd7 in 0.33s[0m
2026.01.26 10:44:49 INFO  time: indexed workspace in 1.4s[0m
2026.01.26 10:44:49 INFO  compiling toy_a2f0c65cd7 (13 scala sources)[0m
2026.01.26 10:44:49 INFO  time: compiled toy_a2f0c65cd7 in 0.18s[0m
2026.01.26 10:44:54 INFO  compiling toy_a2f0c65cd7 (13 scala sources)[0m
2026.01.26 10:44:54 INFO  time: compiled toy_a2f0c65cd7 in 0.13s[0m
2026.01.26 15:10:47 INFO  Cancelling compilation on scala-cli server[0m
2026.01.26 15:10:47 INFO  compiling toy_a2f0c65cd7 (11 scala sources)[0m
2026.01.26 15:10:47 INFO  Cancelling compilation on scala-cli server[0m
2026.01.26 15:10:47 INFO  Created report: Optional.empty[0m
2026.01.26 15:10:47 INFO  source file not found: <WORKSPACE>/tmp/AttrEval.scala (full report at: "/home/patrick/IdeaProjects/lego/toy/.metals/.reports/bloop/2026-01-26/r_source file not foun..._15-10-47-637.md")[0m
2026.01.26 15:10:47 INFO  time: compiled toy_a2f0c65cd7 in 0.3s[0m
2026.01.26 15:10:47 INFO  time: compiled toy_a2f0c65cd7 in 14ms[0m
2026.01.26 15:10:47 INFO  compiling toy_a2f0c65cd7 (10 scala sources)[0m
2026.01.26 15:10:47 INFO  Created report: Optional.empty[0m
2026.01.26 15:10:47 INFO  java.nio.file.NoSuchFileException: <WORKSPACE>/.scala-build/.bloop/toy_a2f0c65cd7/bloop-internal-cla... (full report at: "/home/patrick/IdeaProjects/lego/toy/.metals/.reports/bloop/2026-01-26/r_java.nio.file.NoSuch..._15-10-47-777.md")[0m
2026.01.26 15:10:47 INFO  Created report: Optional.empty[0m
2026.01.26 15:10:47 INFO  Unexpected error when compiling toy_a2f0c65cd7: java.nio.file.NoSuchFileException: <WORKSPACE>/.scal... (full report at: "/home/patrick/IdeaProjects/lego/toy/.metals/.reports/bloop/2026-01-26/r_Unexpected error whe..._15-10-47-787.md")[0m
2026.01.26 15:10:47 INFO  Cancelling compilation on scala-cli server[0m
2026.01.26 15:10:47 INFO  Created report: Optional.empty[0m
2026.01.26 15:10:47 INFO  source file not found: <WORKSPACE>/tmp/Grammar.scala (full report at: "/home/patrick/IdeaProjects/lego/toy/.metals/.reports/bloop/2026-01-26/r_source file not foun..._15-10-47-871.md")[0m
2026.01.26 15:10:47 INFO  time: compiled toy_a2f0c65cd7 in 0.11s[0m
2026.01.26 15:10:47 INFO  compiling toy_a2f0c65cd7 (9 scala sources)[0m
2026.01.26 15:10:47 INFO  Cancelling compilation on scala-cli server[0m
2026.01.26 15:10:47 INFO  Cancelling compilation on scala-cli server[0m
2026.01.26 15:10:48 INFO  Cancelling compilation on scala-cli server[0m
2026.01.26 15:10:48 INFO  Cancelling compilation on scala-cli server[0m
2026.01.26 15:10:48 INFO  time: compiled toy_a2f0c65cd7 in 0.74s[0m
2026.01.26 15:10:48 INFO  time: Imported build in 1.41s[0m
2026.01.26 15:10:48 INFO  Deduplicating compilation of toy_a2f0c65cd7 from bsp client 'scala-cli 1.6.1' (since 7h 55m 57.658s)[0m
2026.01.26 15:10:48 INFO  compiling toy_a2f0c65cd7 (4 scala sources)[0m
2026.01.26 15:10:48 INFO  compiling toy_a2f0c65cd7 (4 scala sources)[0m
2026.01.26 15:10:48 INFO  Cancelling compilation on scala-cli server[0m
2026.01.26 15:10:49 INFO  Cancelling compilation on scala-cli server[0m
2026.01.26 15:10:48 WARN  Invalid text document uri received from build server: file:///home/patrick/IdeaProjects/lego/toy/tmp/Validation.scala[0m
2026.01.26 15:10:48 INFO  BSP server: No class, trait or object is defined in the compilation unit.
The incremental compiler cannot record the dependency information in such case.
Some errors like unused import referring to a non-existent class might not be reported.
[0m
2026.01.26 15:10:48 WARN  Invalid text document uri received from build server: file:///home/patrick/IdeaProjects/lego/toy/tmp/Validation.scala[0m
2026.01.26 15:10:48 INFO  BSP server: No class, trait or object is defined in the compilation unit.
The incremental compiler cannot record the dependency information in such case.
Some errors like unused import referring to a non-existent class might not be reported.
[0m
2026.01.26 15:10:50 WARN  Invalid text document uri received from build server: file:///home/patrick/IdeaProjects/lego/toy/tmp/simple-test.scala[0m
2026.01.26 15:10:50 WARN  Invalid text document uri received from build server: file:///home/patrick/IdeaProjects/lego/toy/tmp/simple-test.scala[0m
2026.01.26 15:10:50 INFO  time: compiled toy_a2f0c65cd7 in 2.08s[0m
2026.01.26 15:10:50 INFO  Deduplicating compilation of toy_a2f0c65cd7 from bsp client 'scala-cli 1.6.1' (since 7h 55m 59.759s)[0m
2026.01.26 15:10:50 INFO  Deduplicating compilation of toy_a2f0c65cd7 from bsp client 'scala-cli 1.6.1' (since 7h 55m 59.759s)[0m
2026.01.26 15:10:50 INFO  Deduplicating compilation of toy_a2f0c65cd7 from bsp client 'scala-cli 1.6.1' (since 7h 55m 59.785s)[0m
2026.01.26 15:10:50 INFO  time: Imported build in 2.15s[0m
2026.01.26 15:10:51 INFO  time: indexed workspace in 1.04s[0m
2026.01.26 15:51:06 INFO  compiling toy_a2f0c65cd7 (1 scala source)[0m
2026.01.26 15:51:06 WARN  Invalid text document uri received from build server: file:///home/patrick/IdeaProjects/lego/toy/tmp/Validation.scala[0m
2026.01.26 15:51:06 WARN  Invalid text document uri received from build server: file:///home/patrick/IdeaProjects/lego/toy/generated/Rosetta/Arith.scala[0m
2026.01.26 15:51:06 INFO  time: compiled toy_a2f0c65cd7 in 0.39s[0m
2026.01.26 15:51:06 INFO  time: Imported build in 0.48s[0m
2026.01.26 15:51:08 INFO  time: indexed workspace in 1.3s[0m
2026.01.26 15:55:28 INFO  compiling toy_a2f0c65cd7 (1 scala source)[0m
2026.01.26 15:55:28 WARN  Invalid text document uri received from build server: file:///home/patrick/IdeaProjects/lego/toy/tmp/Validation.scala[0m
2026.01.26 15:55:28 WARN  Invalid text document uri received from build server: file:///home/patrick/IdeaProjects/lego/toy/generated/Rosetta/Arith.scala[0m
2026.01.26 15:55:28 INFO  time: compiled toy_a2f0c65cd7 in 0.41s[0m
2026.01.26 15:59:21 INFO  compiling toy_a2f0c65cd7 (1 scala source)[0m
2026.01.26 15:59:21 INFO  time: compiled toy_a2f0c65cd7 in 0.36s[0m
2026.01.26 16:01:03 INFO  time: compiled toy_a2f0c65cd7 in 9ms[0m
2026.01.26 16:03:42 INFO  compiling toy_a2f0c65cd7 (1 scala source)[0m
2026.01.26 16:03:42 WARN  Invalid text document uri received from build server: file:///home/patrick/IdeaProjects/lego/toy/tmp/Validation.scala[0m
2026.01.26 16:03:42 WARN  Invalid text document uri received from build server: file:///home/patrick/IdeaProjects/lego/toy/generated/Rosetta/Arith.scala[0m
2026.01.26 16:03:42 INFO  time: compiled toy_a2f0c65cd7 in 0.79s[0m
2026.01.26 16:04:47 INFO  compiling toy_a2f0c65cd7 (1 scala source)[0m
2026.01.26 16:04:47 INFO  time: compiled toy_a2f0c65cd7 in 0.59s[0m
2026.01.26 16:07:04 INFO  Shut down connection with build server.[0m
2026.01.26 16:07:19 INFO  Started: Metals version 1.6.5 in folders '/home/patrick/IdeaProjects/lego/toy' for client Visual Studio Code 1.108.1.[0m
2026.01.26 16:07:19 INFO  Memory monitor started[0m
2026.01.26 16:07:19 WARN  Using H2 2.4.240 which is newer than the version Flyway has been verified with. The latest verified version of H2 is 2.3.232.[0m
2026.01.26 16:07:19 INFO  Attempting to connect to the build server...[0m
2026.01.26 16:07:19 INFO  Running BSP server List(/home/patrick/.local/share/coursier/bin/.scala-cli.aux, bsp, --json-options, /home/patrick/IdeaProjects/lego/toy/.scala-build/ide-options-v2.json, --json-launcher-options, /home/patrick/IdeaProjects/lego/toy/.scala-build/ide-launcher-options.json, --envs-file, /home/patrick/IdeaProjects/lego/toy/.scala-build/ide-envs.json, /home/patrick/IdeaProjects/lego/toy)[0m
2026.01.26 16:07:19 INFO  tracing is disabled for protocol BSP, to enable tracing of incoming and outgoing JSON messages create an empty file at /home/patrick/IdeaProjects/lego/toy/.metals/bsp.trace.json or /home/patrick/.cache/metals/bsp.trace.json[0m
2026.01.26 16:07:19 INFO  time: Connected to build server in 0.47s[0m
2026.01.26 16:07:20 INFO  Connected to Build server: scala-cli v1.6.1[0m
2026.01.26 16:07:19 INFO  compiling toy_a2f0c65cd7 (1 scala source)[0m
2026.01.26 16:07:21 INFO  time: compiled toy_a2f0c65cd7 in 1.11s[0m
2026.01.26 16:07:21 INFO  compiling toy_a2f0c65cd7 (1 scala source)[0m
2026.01.26 16:07:21 INFO  time: compiled toy_a2f0c65cd7 in 0.53s[0m
2026.01.26 16:07:21 WARN  Using H2 2.4.240 which is newer than the version Flyway has been verified with. The latest verified version of H2 is 2.3.232.[0m
2026.01.26 16:07:21 INFO  time: indexed workspace in 1.95s[0m
2026.01.26 16:07:21 INFO  compiling toy_a2f0c65cd7 (1 scala source)[0m
2026.01.26 16:07:22 INFO  time: compiled toy_a2f0c65cd7 in 0.39s[0m
2026.01.26 16:08:28 INFO  compiling toy_a2f0c65cd7 (1 scala source)[0m
2026.01.26 16:08:28 INFO  time: compiled toy_a2f0c65cd7 in 0.54s[0m
